<?xml version="1.0" encoding="UTF-8"?>
<testsuite name="dev.dsa.hashing.LongestConsecutiveSequenceTest" tests="3" skipped="0" failures="0" errors="0" timestamp="2025-09-04T03:01:40" hostname="Nanis-MacBook-Pro.local" time="0.002">
  <properties/>
  <testcase name="duplicates()" classname="dev.dsa.hashing.LongestConsecutiveSequenceTest" time="0.001"/>
  <testcase name="basic()" classname="dev.dsa.hashing.LongestConsecutiveSequenceTest" time="0.0"/>
  <testcase name="empty()" classname="dev.dsa.hashing.LongestConsecutiveSequenceTest" time="0.001"/>
  <system-out><![CDATA[]]></system-out>
  <system-err><![CDATA[]]></system-err>
</testsuite>
