<?xml version="1.0" encoding="UTF-8"?>
<testsuite name="dev.dsa.strings.slidingwindow.MinimumWindowSubstringTest" tests="3" skipped="0" failures="0" errors="0" timestamp="2025-09-04T03:01:40" hostname="Nanis-MacBook-Pro.local" time="0.002">
  <properties/>
  <testcase name="example()" classname="dev.dsa.strings.slidingwindow.MinimumWindowSubstringTest" time="0.001"/>
  <testcase name="equal_strings()" classname="dev.dsa.strings.slidingwindow.MinimumWindowSubstringTest" time="0.0"/>
  <testcase name="no_window()" classname="dev.dsa.strings.slidingwindow.MinimumWindowSubstringTest" time="0.0"/>
  <system-out><![CDATA[]]></system-out>
  <system-err><![CDATA[]]></system-err>
</testsuite>
