<?xml version="1.0" encoding="UTF-8"?>
<testsuite name="dev.dsa.search.BinarySearchTest" tests="3" skipped="0" failures="0" errors="0" timestamp="2025-09-04T03:01:40" hostname="Nanis-MacBook-Pro.local" time="0.002">
  <properties/>
  <testcase name="lowerBound_examples()" classname="dev.dsa.search.BinarySearchTest" time="0.001"/>
  <testcase name="find_absent()" classname="dev.dsa.search.BinarySearchTest" time="0.0"/>
  <testcase name="find_present()" classname="dev.dsa.search.BinarySearchTest" time="0.001"/>
  <system-out><![CDATA[]]></system-out>
  <system-err><![CDATA[]]></system-err>
</testsuite>
