<?xml version="1.0" encoding="UTF-8"?>
<testsuite name="dev.dsa.arrays.twopointers.ThreeSumTest" tests="2" skipped="0" failures="0" errors="0" timestamp="2025-09-04T03:01:40" hostname="Nanis-MacBook-Pro.local" time="0.011">
  <properties/>
  <testcase name="basic_zeroTriplets()" classname="dev.dsa.arrays.twopointers.ThreeSumTest" time="0.009"/>
  <testcase name="none()" classname="dev.dsa.arrays.twopointers.ThreeSumTest" time="0.001"/>
  <system-out><![CDATA[]]></system-out>
  <system-err><![CDATA[]]></system-err>
</testsuite>
